{
  "RSpec": {
    "coverage": {
      "/Users/kathicks/Dropbox/Makers Academy - Main CoursE/Week 4/bookmark-manager/app/bookmark.rb": [
        1,
        null,
        1,
        1,
        null,
        1,
        null,
        1,
        1,
        null,
        1,
        1,
        80,
        null,
        null,
        null,
        1,
        1,
        null,
        null,
        1,
        10,
        null,
        null,
        1,
        9,
        null,
        null,
        9,
        9,
        null,
        null,
        1,
        19,
        19,
        19,
        null,
        null,
        1,
        5,
        null,
        null,
        1,
        5,
        5,
        6,
        6,
        null,
        null,
        5,
        null,
        null,
        1,
        1,
        1,
        1,
        1,
        null,
        null,
        null,
        1,
        null
      ],
      "/Users/kathicks/Dropbox/Makers Academy - Main CoursE/Week 4/bookmark-manager/app/data_mapper_setup.rb": [
        1,
        1,
        1,
        null,
        1,
        1,
        1,
        null,
        null,
        1,
        1,
        1
      ],
      "/Users/kathicks/Dropbox/Makers Academy - Main CoursE/Week 4/bookmark-manager/app/models/user.rb": [
        1,
        1,
        null,
        1,
        1,
        null,
        1,
        1,
        1,
        null,
        1,
        9,
        9,
        null,
        null,
        1,
        null,
        1,
        null
      ],
      "/Users/kathicks/Dropbox/Makers Academy - Main CoursE/Week 4/bookmark-manager/spec/features/add_tags_spec.rb": [
        null,
        null,
        null,
        null,
        1,
        1,
        1,
        null,
        1,
        1,
        1,
        1,
        1,
        1,
        1,
        1,
        null,
        null
      ],
      "/Users/kathicks/Dropbox/Makers Academy - Main CoursE/Week 4/bookmark-manager/spec/features/creating_links_spec.rb": [
        null,
        1,
        1,
        1,
        null,
        1,
        1,
        1,
        1,
        1,
        1,
        1,
        null,
        null
      ],
      "/Users/kathicks/Dropbox/Makers Academy - Main CoursE/Week 4/bookmark-manager/spec/features/feature_tests_spec.rb": [
        null,
        null,
        null,
        null,
        1,
        1,
        1,
        null,
        1,
        1,
        1,
        1,
        null,
        null,
        null
      ],
      "/Users/kathicks/Dropbox/Makers Academy - Main CoursE/Week 4/bookmark-manager/spec/features/filtering_by_tag_spec.rb": [
        null,
        null,
        null,
        null,
        1,
        1,
        1,
        null,
        1,
        1,
        1,
        1,
        1,
        1,
        null,
        1,
        1,
        1,
        1,
        1,
        null,
        1,
        null,
        1,
        null,
        null,
        null,
        null,
        null
      ],
      "/Users/kathicks/Dropbox/Makers Academy - Main CoursE/Week 4/bookmark-manager/spec/features/multiple_tags_spec.rb": [
        null,
        null,
        null,
        null,
        1,
        1,
        1,
        null,
        1,
        1,
        1,
        1,
        1,
        1,
        1,
        null,
        null
      ],
      "/Users/kathicks/Dropbox/Makers Academy - Main CoursE/Week 4/bookmark-manager/spec/features/password_confirmation_spec.rb": [
        1,
        1,
        1,
        2,
        2,
        2,
        2,
        2,
        null,
        null,
        1,
        null,
        2,
        null,
        null
      ],
      "/Users/kathicks/Dropbox/Makers Academy - Main CoursE/Week 4/bookmark-manager/spec/features/user_signin_spec.rb": [
        1,
        1,
        1,
        1,
        1,
        1,
        null,
        null,
        null,
        1,
        1,
        null,
        1,
        1,
        2,
        null,
        null
      ]
    },
    "timestamp": 1485518868
  }
}
