{
  "RSpec": {
    "coverage": {
      "/Users/varvara/Google Drive/Makers Academy/bookmark-manager-Kat/app/app.rb": [
        1,
        null,
        1,
        1,
        1,
        null,
        1,
        null,
        1,
        null,
        1,
        1,
        1,
        null,
        1,
        1,
        90,
        null,
        null,
        null,
        1,
        1,
        null,
        null,
        1,
        19,
        13,
        null,
        6,
        6,
        null,
        null,
        null,
        1,
        13,
        null,
        null,
        13,
        8,
        8,
        null,
        5,
        5,
        5,
        5,
        5,
        5,
        null,
        null,
        null,
        1,
        18,
        18,
        18,
        null,
        null,
        1,
        5,
        null,
        null,
        1,
        5,
        5,
        6,
        6,
        null,
        null,
        5,
        null,
        null,
        1,
        1,
        1,
        1,
        1,
        null,
        null,
        null,
        1,
        null
      ],
      "/Users/varvara/Google Drive/Makers Academy/bookmark-manager-Kat/app/data_mapper_setup.rb": [
        1,
        1,
        1,
        null,
        1,
        1,
        1,
        null,
        null,
        1,
        1,
        1
      ],
      "/Users/varvara/Google Drive/Makers Academy/bookmark-manager-Kat/app/models/user.rb": [
        1,
        1,
        null,
        1,
        1,
        null,
        1,
        1,
        1,
        null,
        1,
        13,
        13,
        null,
        null,
        1,
        1,
        1,
        1,
        null,
        1,
        null
      ],
      "/Users/varvara/Google Drive/Makers Academy/bookmark-manager-Kat/spec/features/add_tags_spec.rb": [
        null,
        null,
        null,
        null,
        1,
        1,
        1,
        null,
        1,
        1,
        1,
        1,
        1,
        1,
        1,
        1,
        null,
        null
      ],
      "/Users/varvara/Google Drive/Makers Academy/bookmark-manager-Kat/spec/features/creating_links_spec.rb": [
        null,
        1,
        1,
        1,
        null,
        1,
        1,
        1,
        1,
        1,
        1,
        1,
        null,
        null
      ],
      "/Users/varvara/Google Drive/Makers Academy/bookmark-manager-Kat/spec/features/email_validation_spec.rb": [
        1,
        1,
        1,
        1,
        1,
        1,
        1,
        null,
        1,
        null,
        null,
        1,
        1,
        1,
        1,
        1,
        1,
        null,
        1,
        null,
        null
      ],
      "/Users/varvara/Google Drive/Makers Academy/bookmark-manager-Kat/spec/features/feature_tests_spec.rb": [
        null,
        null,
        null,
        null,
        1,
        1,
        1,
        null,
        1,
        1,
        1,
        1,
        null,
        null,
        null
      ],
      "/Users/varvara/Google Drive/Makers Academy/bookmark-manager-Kat/spec/features/filtering_by_tag_spec.rb": [
        null,
        null,
        null,
        null,
        1,
        1,
        1,
        null,
        1,
        1,
        1,
        1,
        1,
        1,
        null,
        1,
        1,
        1,
        1,
        1,
        null,
        1,
        null,
        1,
        null,
        null,
        null,
        null,
        null
      ],
      "/Users/varvara/Google Drive/Makers Academy/bookmark-manager-Kat/spec/features/multiple_tags_spec.rb": [
        null,
        null,
        null,
        null,
        1,
        1,
        1,
        null,
        1,
        1,
        1,
        1,
        1,
        1,
        1,
        null,
        null
      ],
      "/Users/varvara/Google Drive/Makers Academy/bookmark-manager-Kat/spec/features/password_confirmation_spec.rb": [
        1,
        1,
        1,
        2,
        2,
        2,
        2,
        2,
        null,
        null,
        1,
        null,
        2,
        1,
        1,
        null,
        null
      ],
      "/Users/varvara/Google Drive/Makers Academy/bookmark-manager-Kat/spec/features/preventing_duplicate_email_spec.rb": [
        1,
        1,
        1,
        1,
        1,
        1,
        1,
        null,
        1,
        1,
        1,
        1,
        1,
        1,
        null,
        null,
        null
      ],
      "/Users/varvara/Google Drive/Makers Academy/bookmark-manager-Kat/spec/features/user_signin_spec.rb": [
        1,
        1,
        1,
        1,
        1,
        1,
        null,
        null,
        null,
        1,
        null,
        1,
        1,
        1,
        1,
        1,
        null,
        1,
        1,
        2,
        null,
        null
      ]
    },
    "timestamp": 1485535148
  }
}
